<?xml version="1.0" encoding="UTF-8"?>
<!-- Generated by org.testng.reporters.JUnitXMLReporter -->
<testsuite hostname="poazselenium2" ignored="0" name="Tenancy Management test" tests="3" failures="0" timestamp="2023-04-24T13:56:13 UTC" time="359.467" errors="0">
  <testcase name="runScenario" time="121.356" classname="io.cucumber.testng.AbstractTestNGCucumberTests"/>
  <testcase name="runScenario" time="119.479" classname="io.cucumber.testng.AbstractTestNGCucumberTests"/>
  <testcase name="runScenario" time="116.998" classname="io.cucumber.testng.AbstractTestNGCucumberTests"/>
</testsuite> <!-- Tenancy Management test -->
